<?xml version="1.0" encoding="UTF-8"?>
<testng-results ignored="0" total="2" passed="2" failed="0" skipped="0">
  <reporter-output>
  </reporter-output>
  <suite started-at="2026-06-11T21:27:22 IST" name="Default Suite" finished-at="2026-06-11T21:27:22 IST" duration-ms="288">
    <groups>
    </groups>
    <test started-at="2026-06-11T21:27:22 IST" name="Demo1" finished-at="2026-06-11T21:27:22 IST" duration-ms="288">
      <class name="TestNGConcepts.AnnotationAll.Test1">
        <test-method is-config="true" signature="beforeClass()[pri:0, instance:TestNGConcepts.AnnotationAll.Test1@13c9d689]" started-at="2026-06-11T21:27:22 IST" name="beforeClass" finished-at="2026-06-11T21:27:22 IST" duration-ms="47" status="PASS">
          <reporter-output>
          </reporter-output>
        </test-method> <!-- beforeClass -->
        <test-method signature="b()[pri:0, instance:TestNGConcepts.AnnotationAll.Test1@13c9d689]" started-at="2026-06-11T21:27:22 IST" name="b" finished-at="2026-06-11T21:27:22 IST" duration-ms="5" status="PASS">
          <reporter-output>
          </reporter-output>
        </test-method> <!-- b -->
        <test-method signature="a()[pri:1, instance:TestNGConcepts.AnnotationAll.Test1@13c9d689]" started-at="2026-06-11T21:27:22 IST" name="a" finished-at="2026-06-11T21:27:22 IST" duration-ms="6" status="PASS">
          <reporter-output>
          </reporter-output>
        </test-method> <!-- a -->
      </class> <!-- TestNGConcepts.AnnotationAll.Test1 -->
    </test> <!-- Demo1 -->
  </suite> <!-- Default Suite -->
</testng-results>
