<?xml version="1.0" encoding="UTF-8"?>
<!-- Generated by org.testng.reporters.JUnitReportReporter -->
<testsuite hostname="DESKTOP-FAJLRDO" failures="0" tests="2" name="TestNGConcepts.AnnotationAll.Test1" time="0.011" errors="0" timestamp="2026-06-11T21:27:23 IST" skipped="0">
  <testcase classname="TestNGConcepts.AnnotationAll.Test1" name="b" time="0.005"/>
  <testcase classname="TestNGConcepts.AnnotationAll.Test1" name="a" time="0.006"/>
</testsuite> <!-- TestNGConcepts.AnnotationAll.Test1 -->
